Analysis & Synthesis report for path_planner
Thu Dec 01 22:37:12 2022
Quartus Prime Version 19.1.0 Build 670 09/22/2019 SJ Lite Edition


---------------------
; Table of Contents ;
---------------------
  1. Legal Notice
  2. Analysis & Synthesis Summary
  3. Analysis & Synthesis Settings
  4. Parallel Compilation
  5. Analysis & Synthesis Source Files Read
  6. Analysis & Synthesis Resource Usage Summary
  7. Analysis & Synthesis Resource Utilization by Entity
  8. State Machine - |path_planner|state
  9. Registers Removed During Synthesis
 10. General Register Statistics
 11. Inverted Register Statistics
 12. Multiplexer Restructuring Statistics (Restructuring Performed)
 13. Parameter Settings for User Entity Instance: Top-level Entity: |path_planner
 14. Post-Synthesis Netlist Statistics for Top Partition
 15. Elapsed Time Per Partition
 16. Analysis & Synthesis Messages



----------------
; Legal Notice ;
----------------
Copyright (C) 2019  Intel Corporation. All rights reserved.
Your use of Intel Corporation's design tools, logic functions 
and other software and tools, and any partner logic 
functions, and any output files from any of the foregoing 
(including device programming or simulation files), and any 
associated documentation or information are expressly subject 
to the terms and conditions of the Intel Program License 
Subscription Agreement, the Intel Quartus Prime License Agreement,
the Intel FPGA IP License Agreement, or other applicable license
agreement, including, without limitation, that your use is for
the sole purpose of programming logic devices manufactured by
Intel and sold by Intel or its authorized distributors.  Please
refer to the applicable agreement for further details, at
https://fpgasoftware.intel.com/eula.



+----------------------------------------------------------------------------------+
; Analysis & Synthesis Summary                                                     ;
+------------------------------------+---------------------------------------------+
; Analysis & Synthesis Status        ; Successful - Thu Dec 01 22:37:12 2022       ;
; Quartus Prime Version              ; 19.1.0 Build 670 09/22/2019 SJ Lite Edition ;
; Revision Name                      ; path_planner                                ;
; Top-level Entity Name              ; path_planner                                ;
; Family                             ; Cyclone IV E                                ;
; Total logic elements               ; 1,507                                       ;
;     Total combinational functions  ; 1,202                                       ;
;     Dedicated logic registers      ; 589                                         ;
; Total registers                    ; 589                                         ;
; Total pins                         ; 63                                          ;
; Total virtual pins                 ; 0                                           ;
; Total memory bits                  ; 0                                           ;
; Embedded Multiplier 9-bit elements ; 0                                           ;
; Total PLLs                         ; 0                                           ;
+------------------------------------+---------------------------------------------+


+------------------------------------------------------------------------------------------------------------+
; Analysis & Synthesis Settings                                                                              ;
+------------------------------------------------------------------+--------------------+--------------------+
; Option                                                           ; Setting            ; Default Value      ;
+------------------------------------------------------------------+--------------------+--------------------+
; Device                                                           ; EP4CE22F17C6       ;                    ;
; Top-level entity name                                            ; path_planner       ; path_planner       ;
; Family name                                                      ; Cyclone IV E       ; Cyclone V          ;
; Use smart compilation                                            ; Off                ; Off                ;
; Enable parallel Assembler and Timing Analyzer during compilation ; On                 ; On                 ;
; Enable compact report table                                      ; Off                ; Off                ;
; Restructure Multiplexers                                         ; Auto               ; Auto               ;
; Create Debugging Nodes for IP Cores                              ; Off                ; Off                ;
; Preserve fewer node names                                        ; On                 ; On                 ;
; Intel FPGA IP Evaluation Mode                                    ; Enable             ; Enable             ;
; Verilog Version                                                  ; Verilog_2001       ; Verilog_2001       ;
; VHDL Version                                                     ; VHDL_1993          ; VHDL_1993          ;
; State Machine Processing                                         ; Auto               ; Auto               ;
; Safe State Machine                                               ; Off                ; Off                ;
; Extract Verilog State Machines                                   ; On                 ; On                 ;
; Extract VHDL State Machines                                      ; On                 ; On                 ;
; Ignore Verilog initial constructs                                ; Off                ; Off                ;
; Iteration limit for constant Verilog loops                       ; 5000               ; 5000               ;
; Iteration limit for non-constant Verilog loops                   ; 250                ; 250                ;
; Add Pass-Through Logic to Inferred RAMs                          ; On                 ; On                 ;
; Infer RAMs from Raw Logic                                        ; On                 ; On                 ;
; Parallel Synthesis                                               ; On                 ; On                 ;
; DSP Block Balancing                                              ; Auto               ; Auto               ;
; NOT Gate Push-Back                                               ; On                 ; On                 ;
; Power-Up Don't Care                                              ; On                 ; On                 ;
; Remove Redundant Logic Cells                                     ; Off                ; Off                ;
; Remove Duplicate Registers                                       ; On                 ; On                 ;
; Ignore CARRY Buffers                                             ; Off                ; Off                ;
; Ignore CASCADE Buffers                                           ; Off                ; Off                ;
; Ignore GLOBAL Buffers                                            ; Off                ; Off                ;
; Ignore ROW GLOBAL Buffers                                        ; Off                ; Off                ;
; Ignore LCELL Buffers                                             ; Off                ; Off                ;
; Ignore SOFT Buffers                                              ; On                 ; On                 ;
; Limit AHDL Integers to 32 Bits                                   ; Off                ; Off                ;
; Optimization Technique                                           ; Balanced           ; Balanced           ;
; Carry Chain Length                                               ; 70                 ; 70                 ;
; Auto Carry Chains                                                ; On                 ; On                 ;
; Auto Open-Drain Pins                                             ; On                 ; On                 ;
; Perform WYSIWYG Primitive Resynthesis                            ; Off                ; Off                ;
; Auto ROM Replacement                                             ; On                 ; On                 ;
; Auto RAM Replacement                                             ; On                 ; On                 ;
; Auto DSP Block Replacement                                       ; On                 ; On                 ;
; Auto Shift Register Replacement                                  ; Auto               ; Auto               ;
; Allow Shift Register Merging across Hierarchies                  ; Auto               ; Auto               ;
; Auto Clock Enable Replacement                                    ; On                 ; On                 ;
; Strict RAM Replacement                                           ; Off                ; Off                ;
; Allow Synchronous Control Signals                                ; On                 ; On                 ;
; Force Use of Synchronous Clear Signals                           ; Off                ; Off                ;
; Auto RAM Block Balancing                                         ; On                 ; On                 ;
; Auto RAM to Logic Cell Conversion                                ; Off                ; Off                ;
; Auto Resource Sharing                                            ; Off                ; Off                ;
; Allow Any RAM Size For Recognition                               ; Off                ; Off                ;
; Allow Any ROM Size For Recognition                               ; Off                ; Off                ;
; Allow Any Shift Register Size For Recognition                    ; Off                ; Off                ;
; Use LogicLock Constraints during Resource Balancing              ; On                 ; On                 ;
; Ignore translate_off and synthesis_off directives                ; Off                ; Off                ;
; Timing-Driven Synthesis                                          ; On                 ; On                 ;
; Report Parameter Settings                                        ; On                 ; On                 ;
; Report Source Assignments                                        ; On                 ; On                 ;
; Report Connectivity Checks                                       ; On                 ; On                 ;
; Ignore Maximum Fan-Out Assignments                               ; Off                ; Off                ;
; Synchronization Register Chain Length                            ; 2                  ; 2                  ;
; Power Optimization During Synthesis                              ; Normal compilation ; Normal compilation ;
; HDL message level                                                ; Level2             ; Level2             ;
; Suppress Register Optimization Related Messages                  ; Off                ; Off                ;
; Number of Removed Registers Reported in Synthesis Report         ; 5000               ; 5000               ;
; Number of Swept Nodes Reported in Synthesis Report               ; 5000               ; 5000               ;
; Number of Inverted Registers Reported in Synthesis Report        ; 100                ; 100                ;
; Clock MUX Protection                                             ; On                 ; On                 ;
; Auto Gated Clock Conversion                                      ; Off                ; Off                ;
; Block Design Naming                                              ; Auto               ; Auto               ;
; SDC constraint protection                                        ; Off                ; Off                ;
; Synthesis Effort                                                 ; Auto               ; Auto               ;
; Shift Register Replacement - Allow Asynchronous Clear Signal     ; On                 ; On                 ;
; Pre-Mapping Resynthesis Optimization                             ; Off                ; Off                ;
; Analysis & Synthesis Message Level                               ; Medium             ; Medium             ;
; Disable Register Merging Across Hierarchies                      ; Auto               ; Auto               ;
; Resource Aware Inference For Block RAM                           ; On                 ; On                 ;
+------------------------------------------------------------------+--------------------+--------------------+


+------------------------------------------+
; Parallel Compilation                     ;
+----------------------------+-------------+
; Processors                 ; Number      ;
+----------------------------+-------------+
; Number detected on machine ; 8           ;
; Maximum allowed            ; 4           ;
;                            ;             ;
; Average used               ; 1.00        ;
; Maximum used               ; 4           ;
;                            ;             ;
; Usage by Processor         ; % Time Used ;
;     Processor 1            ; 100.0%      ;
;     Processor 2            ;   0.1%      ;
;     Processor 3            ;   0.0%      ;
;     Processor 4            ;   0.0%      ;
+----------------------------+-------------+


+----------------------------------------------------------------------------------------------------------------------------------------+
; Analysis & Synthesis Source Files Read                                                                                                 ;
+----------------------------------+-----------------+------------------------+------------------------------------------------+---------+
; File Name with User-Entered Path ; Used in Netlist ; File Type              ; File Name with Absolute Path                   ; Library ;
+----------------------------------+-----------------+------------------------+------------------------------------------------+---------+
; path_planner.v                   ; yes             ; User Verilog HDL File  ; D:/eyantra/task2_c/path_planner/path_planner.v ;         ;
+----------------------------------+-----------------+------------------------+------------------------------------------------+---------+


+---------------------------------------------------------+
; Analysis & Synthesis Resource Usage Summary             ;
+---------------------------------------------+-----------+
; Resource                                    ; Usage     ;
+---------------------------------------------+-----------+
; Estimated Total logic elements              ; 1,507     ;
;                                             ;           ;
; Total combinational functions               ; 1202      ;
; Logic element usage by number of LUT inputs ;           ;
;     -- 4 input functions                    ; 787       ;
;     -- 3 input functions                    ; 177       ;
;     -- <=2 input functions                  ; 238       ;
;                                             ;           ;
; Logic elements by mode                      ;           ;
;     -- normal mode                          ; 1014      ;
;     -- arithmetic mode                      ; 188       ;
;                                             ;           ;
; Total registers                             ; 589       ;
;     -- Dedicated logic registers            ; 589       ;
;     -- I/O registers                        ; 0         ;
;                                             ;           ;
; I/O pins                                    ; 63        ;
;                                             ;           ;
; Embedded Multiplier 9-bit elements          ; 0         ;
;                                             ;           ;
; Maximum fan-out node                        ; clk~input ;
; Maximum fan-out                             ; 589       ;
; Total fan-out                               ; 6134      ;
; Average fan-out                             ; 3.20      ;
+---------------------------------------------+-----------+


+-----------------------------------------------------------------------------------------------------------------------------------------------------------------------------------------------------------+
; Analysis & Synthesis Resource Utilization by Entity                                                                                                                                                       ;
+----------------------------+---------------------+---------------------------+-------------+--------------+---------+-----------+------+--------------+---------------------+--------------+--------------+
; Compilation Hierarchy Node ; Combinational ALUTs ; Dedicated Logic Registers ; Memory Bits ; DSP Elements ; DSP 9x9 ; DSP 18x18 ; Pins ; Virtual Pins ; Full Hierarchy Name ; Entity Name  ; Library Name ;
+----------------------------+---------------------+---------------------------+-------------+--------------+---------+-----------+------+--------------+---------------------+--------------+--------------+
; |path_planner              ; 1202 (1202)         ; 589 (589)                 ; 0           ; 0            ; 0       ; 0         ; 63   ; 0            ; |path_planner       ; path_planner ; work         ;
+----------------------------+---------------------+---------------------------+-------------+--------------+---------+-----------+------+--------------+---------------------+--------------+--------------+
Note: For table entries with two numbers listed, the numbers in parentheses indicate the number of resources of the given type used by the specific entity alone. The numbers listed outside of parentheses indicate the total resources of the given type used by the specific entity and all of its sub-entities in the hierarchy.


Encoding Type:  One-Hot
+-----------------------------------------------------------------+
; State Machine - |path_planner|state                             ;
+----------+----------+----------+----------+----------+----------+
; Name     ; state.s3 ; state.s2 ; state.s1 ; state.s0 ; state.s4 ;
+----------+----------+----------+----------+----------+----------+
; state.s0 ; 0        ; 0        ; 0        ; 0        ; 0        ;
; state.s1 ; 0        ; 0        ; 1        ; 1        ; 0        ;
; state.s2 ; 0        ; 1        ; 0        ; 1        ; 0        ;
; state.s3 ; 1        ; 0        ; 0        ; 1        ; 0        ;
; state.s4 ; 0        ; 0        ; 0        ; 1        ; 1        ;
+----------+----------+----------+----------+----------+----------+


+---------------------------------------------------------------------------------+
; Registers Removed During Synthesis                                              ;
+----------------------------------------+----------------------------------------+
; Register name                          ; Reason for Removal                     ;
+----------------------------------------+----------------------------------------+
; dummy[5..9,11..31]                     ; Merged with dummy[10]                  ;
; n[31]                                  ; Merged with index[31]                  ;
; n[30]                                  ; Merged with index[30]                  ;
; n[29]                                  ; Merged with index[29]                  ;
; n[28]                                  ; Merged with index[28]                  ;
; n[27]                                  ; Merged with index[27]                  ;
; n[26]                                  ; Merged with index[26]                  ;
; n[25]                                  ; Merged with index[25]                  ;
; n[24]                                  ; Merged with index[24]                  ;
; n[23]                                  ; Merged with index[23]                  ;
; n[22]                                  ; Merged with index[22]                  ;
; n[21]                                  ; Merged with index[21]                  ;
; n[20]                                  ; Merged with index[20]                  ;
; n[19]                                  ; Merged with index[19]                  ;
; n[18]                                  ; Merged with index[18]                  ;
; n[17]                                  ; Merged with index[17]                  ;
; n[16]                                  ; Merged with index[16]                  ;
; n[15]                                  ; Merged with index[15]                  ;
; n[14]                                  ; Merged with index[14]                  ;
; n[13]                                  ; Merged with index[13]                  ;
; n[12]                                  ; Merged with index[12]                  ;
; n[11]                                  ; Merged with index[11]                  ;
; n[10]                                  ; Merged with index[10]                  ;
; n[9]                                   ; Merged with index[9]                   ;
; n[8]                                   ; Merged with index[8]                   ;
; n[7]                                   ; Merged with index[7]                   ;
; n[6]                                   ; Merged with index[6]                   ;
; n[5]                                   ; Merged with index[5]                   ;
; n[4]                                   ; Merged with index[4]                   ;
; n[3]                                   ; Merged with index[3]                   ;
; n[2]                                   ; Merged with index[2]                   ;
; n[1]                                   ; Merged with index[1]                   ;
; n[0]                                   ; Merged with index[0]                   ;
; min[5..9,11..31]                       ; Merged with min[10]                    ;
; dummy[10]                              ; Stuck at GND due to stuck port data_in ;
; min[10]                                ; Stuck at GND due to stuck port data_in ;
; state~7                                ; Lost fanout                            ;
; state~8                                ; Lost fanout                            ;
; Total Number of Removed Registers = 88 ;                                        ;
+----------------------------------------+----------------------------------------+


+------------------------------------------------------+
; General Register Statistics                          ;
+----------------------------------------------+-------+
; Statistic                                    ; Value ;
+----------------------------------------------+-------+
; Total registers                              ; 589   ;
; Number of registers using Synchronous Clear  ; 96    ;
; Number of registers using Synchronous Load   ; 40    ;
; Number of registers using Asynchronous Clear ; 0     ;
; Number of registers using Asynchronous Load  ; 0     ;
; Number of registers using Clock Enable       ; 518   ;
; Number of registers using Preset             ; 0     ;
+----------------------------------------------+-------+


+--------------------------------------------------+
; Inverted Register Statistics                     ;
+----------------------------------------+---------+
; Inverted Register                      ; Fan out ;
+----------------------------------------+---------+
; done~reg0                              ; 2       ;
; Total number of inverted registers = 1 ;         ;
+----------------------------------------+---------+


+-------------------------------------------------------------------------------------------------------------------------------------------------+
; Multiplexer Restructuring Statistics (Restructuring Performed)                                                                                  ;
+--------------------+-----------+---------------+----------------------+------------------------+------------+-----------------------------------+
; Multiplexer Inputs ; Bus Width ; Baseline Area ; Area if Restructured ; Saving if Restructured ; Registered ; Example Multiplexer Output        ;
+--------------------+-----------+---------------+----------------------+------------------------+------------+-----------------------------------+
; 3:1                ; 5 bits    ; 10 LEs        ; 5 LEs                ; 5 LEs                  ; Yes        ; |path_planner|final_path[44]~reg0 ;
; 4:1                ; 5 bits    ; 10 LEs        ; 10 LEs               ; 0 LEs                  ; Yes        ; |path_planner|final_path[5]~reg0  ;
; 4:1                ; 5 bits    ; 10 LEs        ; 10 LEs               ; 0 LEs                  ; Yes        ; |path_planner|final_path[10]~reg0 ;
; 4:1                ; 5 bits    ; 10 LEs        ; 10 LEs               ; 0 LEs                  ; Yes        ; |path_planner|final_path[15]~reg0 ;
; 4:1                ; 5 bits    ; 10 LEs        ; 10 LEs               ; 0 LEs                  ; Yes        ; |path_planner|final_path[20]~reg0 ;
; 4:1                ; 5 bits    ; 10 LEs        ; 10 LEs               ; 0 LEs                  ; Yes        ; |path_planner|final_path[29]~reg0 ;
; 4:1                ; 5 bits    ; 10 LEs        ; 10 LEs               ; 0 LEs                  ; Yes        ; |path_planner|final_path[34]~reg0 ;
; 4:1                ; 5 bits    ; 10 LEs        ; 10 LEs               ; 0 LEs                  ; Yes        ; |path_planner|final_path[36]~reg0 ;
; 4:1                ; 32 bits   ; 64 LEs        ; 32 LEs               ; 32 LEs                 ; Yes        ; |path_planner|temp[4]             ;
; 5:1                ; 32 bits   ; 96 LEs        ; 32 LEs               ; 64 LEs                 ; Yes        ; |path_planner|count[29]           ;
; 5:1                ; 32 bits   ; 96 LEs        ; 32 LEs               ; 64 LEs                 ; Yes        ; |path_planner|index[29]           ;
; 5:1                ; 5 bits    ; 15 LEs        ; 5 LEs                ; 10 LEs                 ; Yes        ; |path_planner|parent[25][0]       ;
; 5:1                ; 5 bits    ; 15 LEs        ; 5 LEs                ; 10 LEs                 ; Yes        ; |path_planner|distance[25][3]     ;
; 5:1                ; 5 bits    ; 15 LEs        ; 5 LEs                ; 10 LEs                 ; Yes        ; |path_planner|parent[24][4]       ;
; 5:1                ; 5 bits    ; 15 LEs        ; 5 LEs                ; 10 LEs                 ; Yes        ; |path_planner|distance[24][2]     ;
; 5:1                ; 5 bits    ; 15 LEs        ; 5 LEs                ; 10 LEs                 ; Yes        ; |path_planner|parent[23][4]       ;
; 5:1                ; 5 bits    ; 15 LEs        ; 5 LEs                ; 10 LEs                 ; Yes        ; |path_planner|distance[23][4]     ;
; 5:1                ; 5 bits    ; 15 LEs        ; 5 LEs                ; 10 LEs                 ; Yes        ; |path_planner|parent[22][4]       ;
; 5:1                ; 5 bits    ; 15 LEs        ; 5 LEs                ; 10 LEs                 ; Yes        ; |path_planner|distance[22][3]     ;
; 5:1                ; 5 bits    ; 15 LEs        ; 5 LEs                ; 10 LEs                 ; Yes        ; |path_planner|parent[21][2]       ;
; 5:1                ; 5 bits    ; 15 LEs        ; 5 LEs                ; 10 LEs                 ; Yes        ; |path_planner|distance[21][0]     ;
; 5:1                ; 5 bits    ; 15 LEs        ; 5 LEs                ; 10 LEs                 ; Yes        ; |path_planner|parent[20][0]       ;
; 5:1                ; 5 bits    ; 15 LEs        ; 5 LEs                ; 10 LEs                 ; Yes        ; |path_planner|distance[20][2]     ;
; 5:1                ; 5 bits    ; 15 LEs        ; 5 LEs                ; 10 LEs                 ; Yes        ; |path_planner|parent[19][0]       ;
; 5:1                ; 5 bits    ; 15 LEs        ; 5 LEs                ; 10 LEs                 ; Yes        ; |path_planner|distance[19][4]     ;
; 5:1                ; 5 bits    ; 15 LEs        ; 5 LEs                ; 10 LEs                 ; Yes        ; |path_planner|parent[18][3]       ;
; 5:1                ; 5 bits    ; 15 LEs        ; 5 LEs                ; 10 LEs                 ; Yes        ; |path_planner|distance[18][4]     ;
; 5:1                ; 5 bits    ; 15 LEs        ; 5 LEs                ; 10 LEs                 ; Yes        ; |path_planner|parent[17][0]       ;
; 5:1                ; 5 bits    ; 15 LEs        ; 5 LEs                ; 10 LEs                 ; Yes        ; |path_planner|distance[17][4]     ;
; 5:1                ; 5 bits    ; 15 LEs        ; 5 LEs                ; 10 LEs                 ; Yes        ; |path_planner|parent[16][3]       ;
; 5:1                ; 5 bits    ; 15 LEs        ; 5 LEs                ; 10 LEs                 ; Yes        ; |path_planner|distance[16][2]     ;
; 5:1                ; 5 bits    ; 15 LEs        ; 5 LEs                ; 10 LEs                 ; Yes        ; |path_planner|parent[15][0]       ;
; 5:1                ; 5 bits    ; 15 LEs        ; 5 LEs                ; 10 LEs                 ; Yes        ; |path_planner|distance[15][1]     ;
; 5:1                ; 5 bits    ; 15 LEs        ; 5 LEs                ; 10 LEs                 ; Yes        ; |path_planner|parent[14][1]       ;
; 5:1                ; 5 bits    ; 15 LEs        ; 5 LEs                ; 10 LEs                 ; Yes        ; |path_planner|distance[14][1]     ;
; 5:1                ; 5 bits    ; 15 LEs        ; 5 LEs                ; 10 LEs                 ; Yes        ; |path_planner|parent[13][3]       ;
; 5:1                ; 5 bits    ; 15 LEs        ; 5 LEs                ; 10 LEs                 ; Yes        ; |path_planner|distance[13][0]     ;
; 5:1                ; 5 bits    ; 15 LEs        ; 5 LEs                ; 10 LEs                 ; Yes        ; |path_planner|parent[12][0]       ;
; 5:1                ; 5 bits    ; 15 LEs        ; 5 LEs                ; 10 LEs                 ; Yes        ; |path_planner|distance[12][3]     ;
; 5:1                ; 5 bits    ; 15 LEs        ; 5 LEs                ; 10 LEs                 ; Yes        ; |path_planner|parent[11][1]       ;
; 5:1                ; 5 bits    ; 15 LEs        ; 5 LEs                ; 10 LEs                 ; Yes        ; |path_planner|distance[11][3]     ;
; 5:1                ; 5 bits    ; 15 LEs        ; 5 LEs                ; 10 LEs                 ; Yes        ; |path_planner|parent[10][0]       ;
; 5:1                ; 5 bits    ; 15 LEs        ; 5 LEs                ; 10 LEs                 ; Yes        ; |path_planner|distance[10][3]     ;
; 5:1                ; 5 bits    ; 15 LEs        ; 5 LEs                ; 10 LEs                 ; Yes        ; |path_planner|parent[9][2]        ;
; 5:1                ; 5 bits    ; 15 LEs        ; 5 LEs                ; 10 LEs                 ; Yes        ; |path_planner|distance[9][2]      ;
; 5:1                ; 5 bits    ; 15 LEs        ; 5 LEs                ; 10 LEs                 ; Yes        ; |path_planner|parent[8][0]        ;
; 5:1                ; 5 bits    ; 15 LEs        ; 5 LEs                ; 10 LEs                 ; Yes        ; |path_planner|distance[8][2]      ;
; 5:1                ; 5 bits    ; 15 LEs        ; 5 LEs                ; 10 LEs                 ; Yes        ; |path_planner|parent[7][0]        ;
; 5:1                ; 5 bits    ; 15 LEs        ; 5 LEs                ; 10 LEs                 ; Yes        ; |path_planner|distance[7][0]      ;
; 5:1                ; 5 bits    ; 15 LEs        ; 5 LEs                ; 10 LEs                 ; Yes        ; |path_planner|parent[6][0]        ;
; 5:1                ; 5 bits    ; 15 LEs        ; 5 LEs                ; 10 LEs                 ; Yes        ; |path_planner|distance[6][0]      ;
; 5:1                ; 5 bits    ; 15 LEs        ; 5 LEs                ; 10 LEs                 ; Yes        ; |path_planner|parent[5][0]        ;
; 5:1                ; 5 bits    ; 15 LEs        ; 5 LEs                ; 10 LEs                 ; Yes        ; |path_planner|distance[5][1]      ;
; 5:1                ; 5 bits    ; 15 LEs        ; 5 LEs                ; 10 LEs                 ; Yes        ; |path_planner|parent[4][2]        ;
; 5:1                ; 5 bits    ; 15 LEs        ; 5 LEs                ; 10 LEs                 ; Yes        ; |path_planner|distance[4][1]      ;
; 5:1                ; 5 bits    ; 15 LEs        ; 5 LEs                ; 10 LEs                 ; Yes        ; |path_planner|parent[3][3]        ;
; 5:1                ; 5 bits    ; 15 LEs        ; 5 LEs                ; 10 LEs                 ; Yes        ; |path_planner|distance[3][4]      ;
; 5:1                ; 5 bits    ; 15 LEs        ; 5 LEs                ; 10 LEs                 ; Yes        ; |path_planner|parent[2][3]        ;
; 5:1                ; 5 bits    ; 15 LEs        ; 5 LEs                ; 10 LEs                 ; Yes        ; |path_planner|distance[2][2]      ;
; 5:1                ; 5 bits    ; 15 LEs        ; 5 LEs                ; 10 LEs                 ; Yes        ; |path_planner|parent[1][1]        ;
; 5:1                ; 5 bits    ; 15 LEs        ; 5 LEs                ; 10 LEs                 ; Yes        ; |path_planner|distance[1][1]      ;
; 5:1                ; 5 bits    ; 15 LEs        ; 5 LEs                ; 10 LEs                 ; Yes        ; |path_planner|parent[0][1]        ;
; 5:1                ; 5 bits    ; 15 LEs        ; 5 LEs                ; 10 LEs                 ; Yes        ; |path_planner|distance[0][0]      ;
; 7:1                ; 5 bits    ; 20 LEs        ; 5 LEs                ; 15 LEs                 ; Yes        ; |path_planner|min[0]              ;
; 55:1               ; 5 bits    ; 180 LEs       ; 90 LEs               ; 90 LEs                 ; Yes        ; |path_planner|dummy[4]            ;
; 26:1               ; 5 bits    ; 85 LEs        ; 85 LEs               ; 0 LEs                  ; No         ; |path_planner|Mux7                ;
; 26:1               ; 5 bits    ; 85 LEs        ; 85 LEs               ; 0 LEs                  ; No         ; |path_planner|Mux49               ;
; 26:1               ; 5 bits    ; 85 LEs        ; 85 LEs               ; 0 LEs                  ; No         ; |path_planner|Mux57               ;
; 26:1               ; 5 bits    ; 85 LEs        ; 85 LEs               ; 0 LEs                  ; No         ; |path_planner|Mux11               ;
; 11:1               ; 5 bits    ; 35 LEs        ; 20 LEs               ; 15 LEs                 ; No         ; |path_planner|Selector0           ;
+--------------------+-----------+---------------+----------------------+------------------------+------------+-----------------------------------+


+------------------------------------------------------------------------------+
; Parameter Settings for User Entity Instance: Top-level Entity: |path_planner ;
+----------------+-------+-----------------------------------------------------+
; Parameter Name ; Value ; Type                                                ;
+----------------+-------+-----------------------------------------------------+
; node_count     ; 27    ; Signed Integer                                      ;
; max_edges      ; 4     ; Signed Integer                                      ;
+----------------+-------+-----------------------------------------------------+
Note: In order to hide this table in the UI and the text report file, please set the "Show Parameter Settings in Synthesis Report" option in "Analysis and Synthesis Settings -> More Settings" to "Off".


+-----------------------------------------------------+
; Post-Synthesis Netlist Statistics for Top Partition ;
+-----------------------+-----------------------------+
; Type                  ; Count                       ;
+-----------------------+-----------------------------+
; boundary_port         ; 63                          ;
; cycloneiii_ff         ; 589                         ;
;     ENA               ; 382                         ;
;     ENA SCLR          ; 96                          ;
;     ENA SLD           ; 40                          ;
;     plain             ; 71                          ;
; cycloneiii_lcell_comb ; 1203                        ;
;     arith             ; 188                         ;
;         2 data inputs ; 177                         ;
;         3 data inputs ; 11                          ;
;     normal            ; 1015                        ;
;         1 data inputs ; 8                           ;
;         2 data inputs ; 54                          ;
;         3 data inputs ; 166                         ;
;         4 data inputs ; 787                         ;
;                       ;                             ;
; Max LUT depth         ; 12.40                       ;
; Average LUT depth     ; 7.49                        ;
+-----------------------+-----------------------------+


+-------------------------------+
; Elapsed Time Per Partition    ;
+----------------+--------------+
; Partition Name ; Elapsed Time ;
+----------------+--------------+
; Top            ; 00:00:07     ;
+----------------+--------------+


+-------------------------------+
; Analysis & Synthesis Messages ;
+-------------------------------+
Info: *******************************************************************
Info: Running Quartus Prime Analysis & Synthesis
    Info: Version 19.1.0 Build 670 09/22/2019 SJ Lite Edition
    Info: Processing started: Thu Dec 01 22:36:29 2022
Info: Command: quartus_map --read_settings_files=on --write_settings_files=off path_planner -c path_planner
Warning (18236): Number of processors has not been specified which may cause overloading on shared machines.  Set the global assignment NUM_PARALLEL_PROCESSORS in your QSF to an appropriate value for best performance.
Info (20030): Parallel compilation is enabled and will use 4 of the 4 processors detected
Info (12021): Found 1 design units, including 1 entities, in source file path_planner.v
    Info (12023): Found entity 1: path_planner File: D:/eyantra/task2_c/path_planner/path_planner.v Line: 32
Warning (10222): Verilog HDL Parameter Declaration warning at path_planner.v(50): Parameter Declaration in module "path_planner" behaves as a Local Parameter Declaration because the module has a Module Parameter Port List File: D:/eyantra/task2_c/path_planner/path_planner.v Line: 50
Warning (10222): Verilog HDL Parameter Declaration warning at path_planner.v(51): Parameter Declaration in module "path_planner" behaves as a Local Parameter Declaration because the module has a Module Parameter Port List File: D:/eyantra/task2_c/path_planner/path_planner.v Line: 51
Warning (10222): Verilog HDL Parameter Declaration warning at path_planner.v(52): Parameter Declaration in module "path_planner" behaves as a Local Parameter Declaration because the module has a Module Parameter Port List File: D:/eyantra/task2_c/path_planner/path_planner.v Line: 52
Warning (10222): Verilog HDL Parameter Declaration warning at path_planner.v(53): Parameter Declaration in module "path_planner" behaves as a Local Parameter Declaration because the module has a Module Parameter Port List File: D:/eyantra/task2_c/path_planner/path_planner.v Line: 53
Warning (10222): Verilog HDL Parameter Declaration warning at path_planner.v(54): Parameter Declaration in module "path_planner" behaves as a Local Parameter Declaration because the module has a Module Parameter Port List File: D:/eyantra/task2_c/path_planner/path_planner.v Line: 54
Info (12127): Elaborating entity "path_planner" for the top level hierarchy
Warning (10036): Verilog HDL or VHDL warning at path_planner.v(45): object "c" assigned a value but never read File: D:/eyantra/task2_c/path_planner/path_planner.v Line: 45
Warning (10230): Verilog HDL assignment warning at path_planner.v(134): truncated value with size 32 to match size of target (5) File: D:/eyantra/task2_c/path_planner/path_planner.v Line: 134
Warning (10230): Verilog HDL assignment warning at path_planner.v(181): truncated value with size 32 to match size of target (5) File: D:/eyantra/task2_c/path_planner/path_planner.v Line: 181
Info (10008): Verilog HDL or VHDL information: EDA Netlist Writer cannot regroup multidimensional array "graph" into its bus
Info (276014): Found 1 instances of uninferred RAM logic
    Info (276004): RAM logic "sptSet" is uninferred due to inappropriate RAM size File: D:/eyantra/task2_c/path_planner/path_planner.v Line: 47
Info (286030): Timing-Driven Synthesis is running
Info (17049): 2 registers lost all their fanouts during netlist optimizations.
Info (16010): Generating hard_block partition "hard_block:auto_generated_inst"
    Info (16011): Adding 0 node(s), including 0 DDIO, 0 PLL, 0 transceiver and 0 LCELL
Info (21057): Implemented 1611 device resources after synthesis - the final resource count might be different
    Info (21058): Implemented 12 input pins
    Info (21059): Implemented 51 output pins
    Info (21061): Implemented 1548 logic cells
Info: Quartus Prime Analysis & Synthesis was successful. 0 errors, 9 warnings
    Info: Peak virtual memory: 4779 megabytes
    Info: Processing ended: Thu Dec 01 22:37:12 2022
    Info: Elapsed time: 00:00:43
    Info: Total CPU time (on all processors): 00:00:50


